<?xml version="1.0" encoding="UTF-8"?>
<!-- Generated by org.testng.reporters.JUnitReportReporter -->
<testsuite hostname="DESKTOP-OC0MONQ" failures="0" tests="1" name="Sample.DemoGitHub" time="0.014" errors="0" timestamp="2025-03-27T10:29:49 IST" skipped="0">
  <testcase classname="Sample.DemoGitHub" name="m1" time="0.014"/>
</testsuite> <!-- Sample.DemoGitHub -->
